<?xml version="1.0" encoding="UTF-8"?>
<!-- Generated by org.testng.reporters.JUnitReportReporter -->
<testsuite hostname="SUJITH-PERSONAL" failures="0" tests="4" name="StepDefs.RunCukesTest" time="68.848" errors="0" timestamp="2025-05-21T21:36:45 IST" skipped="0">
  <testcase classname="StepDefs.RunCukesTest" name="runScenario" time="15.580"/>
  <system-out/>
  <testcase classname="StepDefs.RunCukesTest" name="runScenario" time="11.255"/>
  <system-out/>
  <testcase classname="StepDefs.RunCukesTest" name="runScenario" time="15.253"/>
  <system-out/>
  <testcase classname="StepDefs.RunCukesTest" name="runScenario" time="26.760"/>
  <system-out/>
</testsuite> <!-- StepDefs.RunCukesTest -->
