<?xml version="1.0" encoding="UTF-8"?>
<!-- Generated by org.testng.reporters.JUnitReportReporter -->
<testsuite hostname="SUJITH-PERSONAL" failures="0" tests="4" name="StepDefs.RunCukesTest" time="54.870" errors="0" timestamp="2025-05-30T18:13:56 IST" skipped="0">
  <testcase classname="StepDefs.RunCukesTest" name="runScenario" time="13.213"/>
  <system-out/>
  <testcase classname="StepDefs.RunCukesTest" name="runScenario" time="17.349"/>
  <system-out/>
  <testcase classname="StepDefs.RunCukesTest" name="runScenario" time="10.862"/>
  <system-out/>
  <testcase classname="StepDefs.RunCukesTest" name="runScenario" time="13.446"/>
  <system-out/>
</testsuite> <!-- StepDefs.RunCukesTest -->
