<?xml version="1.0" encoding="UTF-8"?>
<!-- Generated by org.testng.reporters.JUnitReportReporter -->
<testsuite hostname="SUJITH-PERSONAL" failures="0" tests="4" name="StepDefs.RunCukesTest" time="50.089" errors="0" timestamp="2025-05-31T03:03:44 IST" skipped="0">
  <testcase classname="StepDefs.RunCukesTest" name="runScenario" time="12.686"/>
  <system-out/>
  <testcase classname="StepDefs.RunCukesTest" name="runScenario" time="10.571"/>
  <system-out/>
  <testcase classname="StepDefs.RunCukesTest" name="runScenario" time="14.476"/>
  <system-out/>
  <testcase classname="StepDefs.RunCukesTest" name="runScenario" time="12.356"/>
  <system-out/>
</testsuite> <!-- StepDefs.RunCukesTest -->
