<?xml version="1.0" encoding="UTF-8"?>
<!-- Generated by org.testng.reporters.JUnitReportReporter -->
<testsuite hostname="SUJITH-PERSONAL" failures="0" tests="3" name="StepDefs.RunCukesTest" time="42.023" errors="0" timestamp="2025-07-18T09:21:32 IST" skipped="0">
  <testcase classname="StepDefs.RunCukesTest" name="runScenario" time="14.801"/>
  <system-out/>
  <testcase classname="StepDefs.RunCukesTest" name="runScenario" time="11.687"/>
  <system-out/>
  <testcase classname="StepDefs.RunCukesTest" name="runScenario" time="15.535"/>
  <system-out/>
</testsuite> <!-- StepDefs.RunCukesTest -->
