<?xml version="1.0" encoding="UTF-8"?>
<!-- Generated by org.testng.reporters.JUnitReportReporter -->
<testsuite hostname="SUJITH-PERSONAL" failures="0" tests="4" name="StepDefs.RunCukesTest" time="60.939" errors="0" timestamp="2025-05-30T18:34:33 IST" skipped="0">
  <testcase classname="StepDefs.RunCukesTest" name="runScenario" time="21.259"/>
  <system-out/>
  <testcase classname="StepDefs.RunCukesTest" name="runScenario" time="13.632"/>
  <system-out/>
  <testcase classname="StepDefs.RunCukesTest" name="runScenario" time="12.409"/>
  <system-out/>
  <testcase classname="StepDefs.RunCukesTest" name="runScenario" time="13.639"/>
  <system-out/>
</testsuite> <!-- StepDefs.RunCukesTest -->
